<?xml version="1.0" encoding="UTF-8"?>
<!-- Generated by org.testng.reporters.JUnitReportReporter -->
<testsuite hostname="NT0004" failures="0" tests="1" name="sunrise.qa.testcases.CompanyPageTest" time="23.830" errors="0" timestamp="2023-01-17T12:33:12 IST" skipped="0">
  <testcase classname="sunrise.qa.testcases.CompanyPageTest" name="Verify_Navigation_CompanyPage" time="23.830"/>
  <system-out/>
</testsuite> <!-- sunrise.qa.testcases.CompanyPageTest -->
