<?xml version="1.0" encoding="UTF-8"?>
<!-- Generated by org.testng.reporters.JUnitReportReporter -->
<testsuite hostname="NT0004" failures="0" tests="1" name="sunrise.qa.testcases.LoginPageTest" time="8.408" errors="0" timestamp="2023-01-17T11:42:00 IST" skipped="0">
  <testcase classname="sunrise.qa.testcases.LoginPageTest" name="Verify_UserLogin" time="8.408"/>
  <system-out/>
</testsuite> <!-- sunrise.qa.testcases.LoginPageTest -->
