<?xml version="1.0" encoding="UTF-8"?>
<!-- Generated by org.testng.reporters.JUnitReportReporter -->
<testsuite hostname="NT0004" failures="0" tests="4" name="sunrise.qa.testcases.CabinsPageTest" time="19.319" errors="0" timestamp="2023-01-18T16:50:48 IST" skipped="0">
  <testcase classname="sunrise.qa.testcases.CabinsPageTest" name="Verify_Navigation_CompanyPage" time="4.517"/>
  <system-out/>
  <testcase classname="sunrise.qa.testcases.CabinsPageTest" name="Verify_Navigation_CompanyPage" time="4.889"/>
  <system-out/>
  <testcase classname="sunrise.qa.testcases.CabinsPageTest" name="Verify_MaximumTab_Message" time="5.785"/>
  <system-out/>
  <testcase classname="sunrise.qa.testcases.CabinsPageTest" name="Verify_alltabclosed" time="4.128"/>
  <system-out/>
</testsuite> <!-- sunrise.qa.testcases.CabinsPageTest -->
