<?xml version="1.0" encoding="UTF-8"?>
<!-- Generated by org.testng.reporters.JUnitReportReporter -->
<testsuite hostname="NT0004" failures="0" tests="4" name="sunrise.qa.testcases.kycpages.DocumentsPageTest" time="20.152" errors="0" timestamp="2023-01-19T16:32:16 IST" skipped="0">
  <testcase classname="sunrise.qa.testcases.kycpages.DocumentsPageTest" name="Verify_Navigation_Page" time="4.868"/>
  <system-out/>
  <testcase classname="sunrise.qa.testcases.kycpages.DocumentsPageTest" name="Verify_Navigation_Page" time="4.444"/>
  <system-out/>
  <testcase classname="sunrise.qa.testcases.kycpages.DocumentsPageTest" name="Verify_MaximumTab_Message" time="6.648"/>
  <system-out/>
  <testcase classname="sunrise.qa.testcases.kycpages.DocumentsPageTest" name="Verify_alltabclosed" time="4.192"/>
  <system-out/>
</testsuite> <!-- sunrise.qa.testcases.kycpages.DocumentsPageTest -->
