<?xml version="1.0" encoding="UTF-8"?>
<!-- Generated by org.testng.reporters.JUnitReportReporter -->
<testsuite hostname="NT0004" failures="0" tests="1" name="com.qa.testcases.LoginPageTest" time="13.371" errors="0" timestamp="2023-01-16T03:56:55 GMT-08:00" skipped="0">
  <testcase classname="com.qa.testcases.LoginPageTest" name="Verify_UserLogin" time="13.371"/>
  <system-out/>
</testsuite> <!-- com.qa.testcases.LoginPageTest -->
