<?xml version="1.0" encoding="UTF-8"?>
<!-- Generated by org.testng.reporters.JUnitReportReporter -->
<testsuite hostname="NT0004" failures="0" tests="4" name="sunrise.qa.testcases.rapaportpages.ImportRapaportPageTest" time="20.030" errors="0" timestamp="2023-01-19T16:48:47 IST" skipped="0">
  <testcase classname="sunrise.qa.testcases.rapaportpages.ImportRapaportPageTest" name="Verify_Navigation_Page" time="4.879"/>
  <system-out/>
  <testcase classname="sunrise.qa.testcases.rapaportpages.ImportRapaportPageTest" name="Verify_Navigation_Page" time="4.436"/>
  <system-out/>
  <testcase classname="sunrise.qa.testcases.rapaportpages.ImportRapaportPageTest" name="Verify_MaximumTab_Message" time="6.577"/>
  <system-out/>
  <testcase classname="sunrise.qa.testcases.rapaportpages.ImportRapaportPageTest" name="Verify_alltabclosed" time="4.138"/>
  <system-out/>
</testsuite> <!-- sunrise.qa.testcases.rapaportpages.ImportRapaportPageTest -->
