<?xml version="1.0" encoding="UTF-8"?>
<!-- Generated by org.testng.reporters.JUnitReportReporter -->
<testsuite hostname="NT0004" failures="0" tests="4" name="sunrise.qa.testcases.kycpages.GradePageTest" time="29.896" errors="0" timestamp="2023-01-19T18:19:34 IST" skipped="0">
  <testcase classname="sunrise.qa.testcases.kycpages.GradePageTest" name="Verify_Navigation_Page" time="7.493"/>
  <system-out/>
  <testcase classname="sunrise.qa.testcases.kycpages.GradePageTest" name="Verify_Navigation_Page" time="7.966"/>
  <system-out/>
  <testcase classname="sunrise.qa.testcases.kycpages.GradePageTest" name="Verify_MaximumTab_Message" time="6.544"/>
  <system-out/>
  <testcase classname="sunrise.qa.testcases.kycpages.GradePageTest" name="Verify_alltabclosed" time="7.893"/>
  <system-out/>
</testsuite> <!-- sunrise.qa.testcases.kycpages.GradePageTest -->
