<?xml version="1.0" encoding="UTF-8"?>
<!-- Generated by org.testng.reporters.JUnitReportReporter -->
<testsuite hostname="ER2301053" failures="0" tests="5" name="sunrise.qa.testcases.contactpages.ContactPageTest" time="62.775" errors="0" timestamp="2023-03-01T12:02:46 IST" skipped="0">
  <testcase classname="sunrise.qa.testcases.contactpages.ContactPageTest" name="Verify_Navigation_Page" time="8.097"/>
  <system-out/>
  <testcase classname="sunrise.qa.testcases.contactpages.ContactPageTest" name="Verify_MaximumTab_Message" time="15.308"/>
  <system-out/>
  <testcase classname="sunrise.qa.testcases.contactpages.ContactPageTest" name="Verify_alltabclosed" time="4.304"/>
  <system-out/>
  <testcase classname="sunrise.qa.testcases.contactpages.ContactPageTest" name="Verify_recordAdded_CompanyName" time="20.771"/>
  <system-out/>
  <testcase classname="sunrise.qa.testcases.contactpages.ContactPageTest" name="Verify_recordAdded_ContactPersonName" time="14.295"/>
  <system-out/>
</testsuite> <!-- sunrise.qa.testcases.contactpages.ContactPageTest -->
