<?xml version="1.0" encoding="UTF-8"?>
<!-- Generated by org.testng.reporters.JUnitReportReporter -->
<testsuite hostname="NT0004" failures="0" tests="4" name="sunrise.qa.testcases.contactpages.LocationPageTest" time="20.172" errors="0" timestamp="2023-01-19T14:33:57 IST" skipped="0">
  <testcase classname="sunrise.qa.testcases.contactpages.LocationPageTest" name="Verify_Navigation_Page" time="4.443"/>
  <system-out/>
  <testcase classname="sunrise.qa.testcases.contactpages.LocationPageTest" name="Verify_Navigation_Page" time="4.864"/>
  <system-out/>
  <testcase classname="sunrise.qa.testcases.contactpages.LocationPageTest" name="Verify_MaximumTab_Message" time="6.679"/>
  <system-out/>
  <testcase classname="sunrise.qa.testcases.contactpages.LocationPageTest" name="Verify_alltabclosed" time="4.186"/>
  <system-out/>
</testsuite> <!-- sunrise.qa.testcases.contactpages.LocationPageTest -->
