<?xml version="1.0" encoding="UTF-8"?>
<!-- Generated by org.testng.reporters.JUnitReportReporter -->
<testsuite hostname="NT0004" failures="0" tests="1" name="sunrise.qa.dummy.dummytest" time="8.075" errors="0" timestamp="2023-01-19T18:03:00 IST" skipped="0">
  <testcase classname="sunrise.qa.dummy.dummytest" name="eightComponents" time="8.075"/>
  <system-out/>
</testsuite> <!-- sunrise.qa.dummy.dummytest -->
