<?xml version="1.0" encoding="UTF-8"?>
<!-- Generated by org.testng.reporters.JUnitReportReporter -->
<testsuite hostname="ER2301053" failures="0" tests="1" name="sunrise.qa.dummy.dummytest" time="7.934" errors="0" timestamp="2023-02-24T11:39:08 IST" skipped="0">
  <testcase classname="sunrise.qa.dummy.dummytest" name="eightComponents" time="7.934"/>
  <system-out/>
</testsuite> <!-- sunrise.qa.dummy.dummytest -->
