<?xml version="1.0" encoding="UTF-8"?>
<!-- Generated by org.testng.reporters.JUnitReportReporter -->
<testsuite hostname="NT0004" failures="0" tests="4" name="sunrise.qa.testcases.companypages.CompanyPageTest" time="13.399" errors="0" timestamp="2023-01-18T17:53:13 IST" skipped="0">
  <testcase classname="sunrise.qa.testcases.companypages.CompanyPageTest" name="Verify_Navigation_CompanyPage" time="2.713"/>
  <system-out/>
  <testcase classname="sunrise.qa.testcases.companypages.CompanyPageTest" name="Verify_Navigation_CompanyPage" time="2.901"/>
  <system-out/>
  <testcase classname="sunrise.qa.testcases.companypages.CompanyPageTest" name="Verify_MaximumTab_Message" time="3.624"/>
  <system-out/>
  <testcase classname="sunrise.qa.testcases.companypages.CompanyPageTest" name="Verify_alltabclosed" time="4.161"/>
  <system-out/>
</testsuite> <!-- sunrise.qa.testcases.companypages.CompanyPageTest -->
