<?xml version="1.0" encoding="UTF-8"?>
<!-- Generated by org.testng.reporters.JUnitReportReporter -->
<testsuite hostname="NT0004" failures="0" tests="4" name="sunrise.qa.testcases.companypages.CabinsPageTest" time="19.263" errors="0" timestamp="2023-01-18T17:53:13 IST" skipped="0">
  <testcase classname="sunrise.qa.testcases.companypages.CabinsPageTest" name="Verify_Navigation_CompanyPage" time="4.478"/>
  <system-out/>
  <testcase classname="sunrise.qa.testcases.companypages.CabinsPageTest" name="Verify_Navigation_CompanyPage" time="4.971"/>
  <system-out/>
  <testcase classname="sunrise.qa.testcases.companypages.CabinsPageTest" name="Verify_MaximumTab_Message" time="5.634"/>
  <system-out/>
  <testcase classname="sunrise.qa.testcases.companypages.CabinsPageTest" name="Verify_alltabclosed" time="4.180"/>
  <system-out/>
</testsuite> <!-- sunrise.qa.testcases.companypages.CabinsPageTest -->
