<?xml version="1.0" encoding="UTF-8"?>
<!-- Generated by org.testng.reporters.JUnitReportReporter -->
<testsuite hostname="NT0004" failures="0" tests="4" name="sunrise.qa.testcases.contactpages.StatesPageTest" time="20.149" errors="0" timestamp="2023-01-19T14:33:57 IST" skipped="0">
  <testcase classname="sunrise.qa.testcases.contactpages.StatesPageTest" name="Verify_Navigation_Page" time="4.442"/>
  <system-out/>
  <testcase classname="sunrise.qa.testcases.contactpages.StatesPageTest" name="Verify_Navigation_Page" time="4.930"/>
  <system-out/>
  <testcase classname="sunrise.qa.testcases.contactpages.StatesPageTest" name="Verify_MaximumTab_Message" time="6.603"/>
  <system-out/>
  <testcase classname="sunrise.qa.testcases.contactpages.StatesPageTest" name="Verify_alltabclosed" time="4.174"/>
  <system-out/>
</testsuite> <!-- sunrise.qa.testcases.contactpages.StatesPageTest -->
