<?xml version="1.0" encoding="UTF-8"?>
<!-- Generated by org.testng.reporters.JUnitReportReporter -->
<testsuite hostname="NT0004" failures="0" tests="4" name="sunrise.qa.testcases.employeepages.QualificationPageTest" time="20.122" errors="0" timestamp="2023-01-19T15:54:36 IST" skipped="0">
  <testcase classname="sunrise.qa.testcases.employeepages.QualificationPageTest" name="Verify_Navigation_Page" time="4.447"/>
  <system-out/>
  <testcase classname="sunrise.qa.testcases.employeepages.QualificationPageTest" name="Verify_Navigation_Page" time="4.870"/>
  <system-out/>
  <testcase classname="sunrise.qa.testcases.employeepages.QualificationPageTest" name="Verify_MaximumTab_Message" time="6.649"/>
  <system-out/>
  <testcase classname="sunrise.qa.testcases.employeepages.QualificationPageTest" name="Verify_alltabclosed" time="4.156"/>
  <system-out/>
</testsuite> <!-- sunrise.qa.testcases.employeepages.QualificationPageTest -->
