<?xml version="1.0" encoding="UTF-8"?>
<!-- Generated by org.testng.reporters.JUnitReportReporter -->
<testsuite hostname="ER2301053" failures="0" tests="3" name="sunrise.qa.testcases.contactpages.ContactPageTest" time="27.302" errors="0" timestamp="2023-02-24T18:19:21 IST" skipped="0">
  <testcase classname="sunrise.qa.testcases.contactpages.ContactPageTest" name="Verify_Navigation_Page" time="7.988"/>
  <system-out/>
  <testcase classname="sunrise.qa.testcases.contactpages.ContactPageTest" name="Verify_MaximumTab_Message" time="15.163"/>
  <system-out/>
  <testcase classname="sunrise.qa.testcases.contactpages.ContactPageTest" name="Verify_alltabclosed" time="4.151"/>
  <system-out/>
</testsuite> <!-- sunrise.qa.testcases.contactpages.ContactPageTest -->
