<?xml version="1.0" encoding="UTF-8"?>
<!-- Generated by org.testng.reporters.JUnitReportReporter -->
<testsuite hostname="ER2301053" failures="0" tests="6" name="sunrise.qa.testcases.contactpages.ContactPageTest" time="138.325" errors="0" timestamp="2023-03-02T15:57:00 IST" skipped="0">
  <testcase classname="sunrise.qa.testcases.contactpages.ContactPageTest" name="Verify_Navigation_Page" time="8.101"/>
  <system-out/>
  <testcase classname="sunrise.qa.testcases.contactpages.ContactPageTest" name="Verify_MaximumTab_Message" time="14.914"/>
  <system-out/>
  <testcase classname="sunrise.qa.testcases.contactpages.ContactPageTest" name="Verify_alltabclosed" time="5.165"/>
  <system-out/>
  <testcase classname="sunrise.qa.testcases.contactpages.ContactPageTest" name="Verify_recordAdded_CompanyName" time="21.525"/>
  <system-out/>
  <testcase classname="sunrise.qa.testcases.contactpages.ContactPageTest" name="Verify_recordAdded_ContactPersonName" time="17.505"/>
  <system-out/>
  <testcase classname="sunrise.qa.testcases.contactpages.ContactPageTest" name="Verify_DataEntry_AllData" time="71.115"/>
  <system-out/>
</testsuite> <!-- sunrise.qa.testcases.contactpages.ContactPageTest -->
