<?xml version="1.0" encoding="UTF-8"?>
<!-- Generated by org.testng.reporters.JUnitReportReporter -->
<testsuite hostname="NT0004" failures="0" tests="4" name="sunrise.qa.testcases.companypages.OwnershipStatusPageTest" time="19.248" errors="0" timestamp="2023-01-18T17:53:13 IST" skipped="0">
  <testcase classname="sunrise.qa.testcases.companypages.OwnershipStatusPageTest" name="Verify_Navigation_CompanyPage" time="4.922"/>
  <system-out/>
  <testcase classname="sunrise.qa.testcases.companypages.OwnershipStatusPageTest" name="Verify_Navigation_CompanyPage" time="4.509"/>
  <system-out/>
  <testcase classname="sunrise.qa.testcases.companypages.OwnershipStatusPageTest" name="Verify_MaximumTab_Message" time="5.711"/>
  <system-out/>
  <testcase classname="sunrise.qa.testcases.companypages.OwnershipStatusPageTest" name="Verify_alltabclosed" time="4.106"/>
  <system-out/>
</testsuite> <!-- sunrise.qa.testcases.companypages.OwnershipStatusPageTest -->
