<?xml version="1.0" encoding="UTF-8"?>
<!-- Generated by org.testng.reporters.JUnitReportReporter -->
<testsuite hostname="NT0004" failures="0" tests="4" name="sunrise.qa.testcases.BankPageTest" time="18.992" errors="0" timestamp="2023-01-18T16:23:47 IST" skipped="0">
  <testcase classname="sunrise.qa.testcases.BankPageTest" name="Verify_Navigation_CompanyPage" time="4.477"/>
  <system-out/>
  <testcase classname="sunrise.qa.testcases.BankPageTest" name="Verify_Navigation_CompanyPage" time="4.865"/>
  <system-out/>
  <testcase classname="sunrise.qa.testcases.BankPageTest" name="Verify_MaximumTab_Message" time="5.509"/>
  <system-out/>
  <testcase classname="sunrise.qa.testcases.BankPageTest" name="Verify_alltabclosed" time="4.141"/>
  <system-out/>
</testsuite> <!-- sunrise.qa.testcases.BankPageTest -->
