<?xml version="1.0" encoding="UTF-8"?>
<!-- Generated by org.testng.reporters.JUnitReportReporter -->
<testsuite hostname="ER2301053" failures="0" tests="1" name="sunrise.qa.dummy.dummytest" time="0.422" errors="0" timestamp="2023-03-01T11:12:01 IST" skipped="0">
  <testcase classname="sunrise.qa.dummy.dummytest" name="test" time="0.422"/>
  <system-out/>
</testsuite> <!-- sunrise.qa.dummy.dummytest -->
