<?xml version="1.0" encoding="UTF-8"?>
<!-- Generated by org.testng.reporters.JUnitReportReporter -->
<testsuite hostname="NT0004" failures="0" tests="4" name="sunrise.qa.testcases.employeepages.DesignationPageTest" time="20.069" errors="0" timestamp="2023-01-19T15:48:28 IST" skipped="0">
  <testcase classname="sunrise.qa.testcases.employeepages.DesignationPageTest" name="Verify_Navigation_Page" time="4.883"/>
  <system-out/>
  <testcase classname="sunrise.qa.testcases.employeepages.DesignationPageTest" name="Verify_Navigation_Page" time="4.426"/>
  <system-out/>
  <testcase classname="sunrise.qa.testcases.employeepages.DesignationPageTest" name="Verify_MaximumTab_Message" time="6.593"/>
  <system-out/>
  <testcase classname="sunrise.qa.testcases.employeepages.DesignationPageTest" name="Verify_alltabclosed" time="4.167"/>
  <system-out/>
</testsuite> <!-- sunrise.qa.testcases.employeepages.DesignationPageTest -->
