<?xml version="1.0" encoding="UTF-8"?>
<!-- Generated by org.testng.reporters.JUnitReportReporter -->
<testsuite hostname="ER2301053" failures="0" tests="5" name="sunrise.qa.testcases.contactpages.ContactPageTest" time="59.277" errors="0" timestamp="2023-02-28T16:14:38 IST" skipped="0">
  <testcase classname="sunrise.qa.testcases.contactpages.ContactPageTest" name="Verify_Navigation_Page" time="8.090"/>
  <system-out/>
  <testcase classname="sunrise.qa.testcases.contactpages.ContactPageTest" name="Verify_MaximumTab_Message" time="15.120"/>
  <system-out/>
  <testcase classname="sunrise.qa.testcases.contactpages.ContactPageTest" name="Verify_alltabclosed" time="4.173"/>
  <system-out/>
  <testcase classname="sunrise.qa.testcases.contactpages.ContactPageTest" name="Verify_recordAdded_CompanyName" time="19.719"/>
  <system-out/>
  <testcase classname="sunrise.qa.testcases.contactpages.ContactPageTest" name="Verify_recordAdded_ContactPersonName" time="12.175"/>
  <system-out/>
</testsuite> <!-- sunrise.qa.testcases.contactpages.ContactPageTest -->
