<?xml version="1.0" encoding="UTF-8"?>
<!-- Generated by org.testng.reporters.JUnitReportReporter -->
<testsuite hostname="NT0004" failures="0" tests="4" name="sunrise.qa.testcases.CompanyPageTest" time="13.058" errors="0" timestamp="2023-01-18T16:04:04 IST" skipped="0">
  <testcase classname="sunrise.qa.testcases.CompanyPageTest" name="Verify_Navigation_CompanyPage" time="2.896"/>
  <system-out/>
  <testcase classname="sunrise.qa.testcases.CompanyPageTest" name="Verify_Navigation_CompanyPage" time="2.435"/>
  <system-out/>
  <testcase classname="sunrise.qa.testcases.CompanyPageTest" name="Verify_MaximumTab_Message" time="3.538"/>
  <system-out/>
  <testcase classname="sunrise.qa.testcases.CompanyPageTest" name="Verify_alltabclosed" time="4.189"/>
  <system-out/>
</testsuite> <!-- sunrise.qa.testcases.CompanyPageTest -->
