<?xml version="1.0" encoding="UTF-8"?>
<!-- Generated by org.testng.reporters.JUnitReportReporter -->
<testsuite hostname="NT0004" failures="0" tests="1" name="sunrise.qa.testcases.companypages.LoginPageTest" time="0.000" errors="0" timestamp="2023-01-18T17:42:02 IST" skipped="1">
  <testcase classname="sunrise.qa.testcases.companypages.LoginPageTest" name="Verify_UserLogin" time="0.000">
    <skipped/>
  </testcase> <!-- Verify_UserLogin -->
  <system-out/>
</testsuite> <!-- sunrise.qa.testcases.companypages.LoginPageTest -->
