<?xml version="1.0" encoding="UTF-8"?>
<!-- Generated by org.testng.reporters.JUnitReportReporter -->
<testsuite hostname="NT0004" failures="0" tests="4" name="sunrise.qa.testcases.kycpages.GradePageTest" time="20.057" errors="0" timestamp="2023-01-19T16:32:16 IST" skipped="0">
  <testcase classname="sunrise.qa.testcases.kycpages.GradePageTest" name="Verify_Navigation_Page" time="4.433"/>
  <system-out/>
  <testcase classname="sunrise.qa.testcases.kycpages.GradePageTest" name="Verify_Navigation_Page" time="4.897"/>
  <system-out/>
  <testcase classname="sunrise.qa.testcases.kycpages.GradePageTest" name="Verify_MaximumTab_Message" time="6.590"/>
  <system-out/>
  <testcase classname="sunrise.qa.testcases.kycpages.GradePageTest" name="Verify_alltabclosed" time="4.137"/>
  <system-out/>
</testsuite> <!-- sunrise.qa.testcases.kycpages.GradePageTest -->
